<?xml version="1.0" encoding="UTF-8"?>
<!-- Generated by org.testng.reporters.JUnitReportReporter -->
<testsuite hostname="srinivas" name="com.OrangeHRMS.Admin.DemoTest" tests="1" failures="0" timestamp="3 Nov 2016 11:46:14 GMT" time="3.081" errors="0">
  <testcase name="f" time="3.081" classname="com.OrangeHRMS.Admin.DemoTest"/>
</testsuite> <!-- com.OrangeHRMS.Admin.DemoTest -->
