<?xml version="1.0" encoding="UTF-8"?>
<!-- Generated by org.testng.reporters.JUnitReportReporter -->
<testsuite hostname="srinivas" name="com.OrangeHRMS.Admin.DemoTest" tests="1" failures="0" timestamp="3 Nov 2016 11:48:12 GMT" time="5.403" errors="0">
  <testcase name="f" time="5.403" classname="com.OrangeHRMS.Admin.DemoTest"/>
</testsuite> <!-- com.OrangeHRMS.Admin.DemoTest -->
